e:\tetris project\tetris project\debug\tetris game.obj
e:\tetris project\tetris project\debug\vc100.pdb
e:\tetris project\debug\tetris project.ilk
e:\tetris project\debug\tetris project.exe
e:\tetris project\tetris project\debug\tetris project.exe.intermediate.manifest
e:\tetris project\debug\tetris project.pdb
c:\users\shamir khan\downloads\tetris project\tetris project\tetris project\debug\vc140.pdb
c:\users\shamir khan\downloads\tetris project\tetris project\tetris project\debug\vc140.idb
c:\users\shamir khan\downloads\tetris project\tetris project\tetris project\debug\tetris game.obj
c:\users\shamir khan\downloads\tetris project\tetris project\tetris project\debug\cl.command.1.tlog
c:\users\shamir khan\downloads\tetris project\tetris project\tetris project\debug\cl.read.1.tlog
c:\users\shamir khan\downloads\tetris project\tetris project\tetris project\debug\cl.write.1.tlog
c:\users\shamir khan\downloads\tetris project\tetris project\tetris project\debug\link.command.1.tlog
c:\users\shamir khan\downloads\tetris project\tetris project\tetris project\debug\link.read.1.tlog
c:\users\shamir khan\downloads\tetris project\tetris project\tetris project\debug\link.write.1.tlog
c:\users\shamir khan\downloads\tetris project\tetris project\tetris project\debug\mt.command.1.tlog
c:\users\shamir khan\downloads\tetris project\tetris project\tetris project\debug\mt.read.1.tlog
c:\users\shamir khan\downloads\tetris project\tetris project\tetris project\debug\mt.write.1.tlog
c:\users\shamir khan\downloads\tetris project\tetris project\tetris project\debug\tetris project.exe.intermediate.manifest
c:\users\shamir khan\downloads\tetris project\tetris project\tetris project\debug\vc100.idb
c:\users\shamir khan\downloads\tetris project\tetris project\tetris project\debug\vc100.pdb
c:\users\shamir khan\downloads\tetris project\tetris project\debug\tetris project.pdb
c:\users\shamir khan\downloads\tetris project\tetris project\tetris project\debug\tetris project.tlog\cl.command.1.tlog
c:\users\shamir khan\downloads\tetris project\tetris project\tetris project\debug\tetris project.tlog\cl.read.1.tlog
c:\users\shamir khan\downloads\tetris project\tetris project\tetris project\debug\tetris project.tlog\cl.write.1.tlog
c:\users\shamir khan\downloads\tetris project\tetris project\tetris project\debug\tetris project.tlog\link-cvtres.read.1.tlog
c:\users\shamir khan\downloads\tetris project\tetris project\tetris project\debug\tetris project.tlog\link-cvtres.write.1.tlog
c:\users\shamir khan\downloads\tetris project\tetris project\tetris project\debug\tetris project.tlog\link-rc.read.1.tlog
c:\users\shamir khan\downloads\tetris project\tetris project\tetris project\debug\tetris project.tlog\link-rc.write.1.tlog
c:\users\shamir khan\downloads\tetris project\tetris project\tetris project\debug\tetris project.tlog\link.command.1.tlog
c:\users\shamir khan\downloads\tetris project\tetris project\tetris project\debug\tetris project.tlog\link.read.1.tlog
c:\users\shamir khan\downloads\tetris project\tetris project\tetris project\debug\tetris project.tlog\link.write.1.tlog
